<?xml version="1.0" encoding="UTF-8"?>
<coverage generated="1542770491897" clover="3.2.0">
  <project timestamp="1542770491897" name="All files">
    <metrics statements="116" coveredstatements="67" conditionals="57" coveredconditionals="20" methods="44" coveredmethods="27" elements="217" coveredelements="114" complexity="0" loc="116" ncloc="116" packages="5" files="10" classes="10">
      <package name="actions">
        <metrics statements="19" coveredstatements="9" conditionals="2" coveredconditionals="1" methods="4" coveredmethods="3"/>
        <file name="pricesActions.js" path="/Users/NichananK/last-mvp/LAST-wallet/LAST-wallet/common/actions/pricesActions.js">
          <metrics statements="6" coveredstatements="6" conditionals="0" coveredconditionals="0" methods="1" coveredmethods="1"/>
          <line num="1" count="1" type="stmt"/>
          <line num="6" count="1" type="stmt"/>
          <line num="7" count="1" type="stmt"/>
          <line num="8" count="1" type="stmt"/>
          <line num="9" count="1" type="stmt"/>
          <line num="10" count="1" type="stmt"/>
        </file>
        <file name="transactionActions.js" path="/Users/NichananK/last-mvp/LAST-wallet/LAST-wallet/common/actions/transactionActions.js">
          <metrics statements="13" coveredstatements="3" conditionals="2" coveredconditionals="1" methods="3" coveredmethods="2"/>
          <line num="3" count="2" type="stmt"/>
          <line num="7" count="0" type="stmt"/>
          <line num="8" count="0" type="stmt"/>
          <line num="9" count="0" type="stmt"/>
          <line num="14" count="3" type="stmt"/>
          <line num="15" count="0" type="stmt"/>
          <line num="16" count="0" type="stmt"/>
          <line num="17" count="0" type="stmt"/>
          <line num="21" count="1" type="cond" truecount="1" falsecount="1"/>
          <line num="22" count="0" type="stmt"/>
          <line num="23" count="0" type="stmt"/>
          <line num="24" count="0" type="stmt"/>
          <line num="25" count="0" type="stmt"/>
        </file>
      </package>
      <package name="constants">
        <metrics statements="2" coveredstatements="2" conditionals="2" coveredconditionals="1" methods="0" coveredmethods="0"/>
        <file name="url.js" path="/Users/NichananK/last-mvp/LAST-wallet/LAST-wallet/common/constants/url.js">
          <metrics statements="2" coveredstatements="2" conditionals="2" coveredconditionals="1" methods="0" coveredmethods="0"/>
          <line num="1" count="2" type="stmt"/>
          <line num="2" count="2" type="cond" truecount="1" falsecount="1"/>
        </file>
      </package>
      <package name="services">
        <metrics statements="20" coveredstatements="7" conditionals="10" coveredconditionals="3" methods="8" coveredmethods="3"/>
        <file name="apiService.js" path="/Users/NichananK/last-mvp/LAST-wallet/LAST-wallet/common/services/apiService.js">
          <metrics statements="11" coveredstatements="3" conditionals="0" coveredconditionals="0" methods="6" coveredmethods="2"/>
          <line num="2" count="2" type="stmt"/>
          <line num="5" count="2" type="stmt"/>
          <line num="9" count="2" type="stmt"/>
          <line num="13" count="0" type="stmt"/>
          <line num="14" count="0" type="stmt"/>
          <line num="20" count="0" type="stmt"/>
          <line num="21" count="0" type="stmt"/>
          <line num="22" count="0" type="stmt"/>
          <line num="23" count="0" type="stmt"/>
          <line num="24" count="0" type="stmt"/>
          <line num="32" count="0" type="stmt"/>
        </file>
        <file name="transactionsService.js" path="/Users/NichananK/last-mvp/LAST-wallet/LAST-wallet/common/services/transactionsService.js">
          <metrics statements="9" coveredstatements="4" conditionals="10" coveredconditionals="3" methods="2" coveredmethods="1"/>
          <line num="2" count="2" type="stmt"/>
          <line num="4" count="2" type="stmt"/>
          <line num="7" count="0" type="cond" truecount="0" falsecount="2"/>
          <line num="8" count="0" type="cond" truecount="0" falsecount="2"/>
          <line num="9" count="0" type="stmt"/>
          <line num="13" count="3" type="cond" truecount="2" falsecount="0"/>
          <line num="14" count="2" type="cond" truecount="1" falsecount="1"/>
          <line num="15" count="0" type="cond" truecount="0" falsecount="2"/>
          <line num="16" count="0" type="stmt"/>
        </file>
      </package>
      <package name="stores">
        <metrics statements="45" coveredstatements="36" conditionals="19" coveredconditionals="11" methods="22" coveredmethods="19"/>
        <file name="pricesStorage.js" path="/Users/NichananK/last-mvp/LAST-wallet/LAST-wallet/common/stores/pricesStorage.js">
          <metrics statements="13" coveredstatements="7" conditionals="4" coveredconditionals="3" methods="6" coveredmethods="4"/>
          <line num="3" count="1" type="stmt"/>
          <line num="18" count="2" type="cond" truecount="3" falsecount="1"/>
          <line num="22" count="2" type="stmt"/>
          <line num="26" count="1" type="stmt"/>
          <line num="27" count="1" type="stmt"/>
          <line num="31" count="1" type="stmt"/>
          <line num="32" count="1" type="stmt"/>
          <line num="36" count="0" type="stmt"/>
          <line num="37" count="0" type="stmt"/>
          <line num="41" count="0" type="stmt"/>
          <line num="42" count="0" type="stmt"/>
          <line num="43" count="0" type="stmt"/>
          <line num="44" count="0" type="stmt"/>
        </file>
        <file name="walletStorage.js" path="/Users/NichananK/last-mvp/LAST-wallet/LAST-wallet/common/stores/walletStorage.js">
          <metrics statements="18" coveredstatements="15" conditionals="10" coveredconditionals="5" methods="8" coveredmethods="7"/>
          <line num="5" count="3" type="stmt"/>
          <line num="21" count="2" type="stmt"/>
          <line num="25" count="6" type="cond" truecount="1" falsecount="1"/>
          <line num="26" count="6" type="stmt"/>
          <line num="30" count="7" type="cond" truecount="2" falsecount="0"/>
          <line num="31" count="6" type="cond" truecount="2" falsecount="0"/>
          <line num="32" count="2" type="stmt"/>
          <line num="36" count="0" type="cond" truecount="0" falsecount="2"/>
          <line num="37" count="0" type="cond" truecount="0" falsecount="2"/>
          <line num="38" count="0" type="stmt"/>
          <line num="42" count="2" type="stmt"/>
          <line num="46" count="1" type="stmt"/>
          <line num="47" count="1" type="stmt"/>
          <line num="48" count="1" type="stmt"/>
          <line num="52" count="3" type="stmt"/>
          <line num="53" count="3" type="stmt"/>
          <line num="54" count="3" type="stmt"/>
          <line num="55" count="3" type="stmt"/>
        </file>
        <file name="walletsStorage.js" path="/Users/NichananK/last-mvp/LAST-wallet/LAST-wallet/common/stores/walletsStorage.js">
          <metrics statements="14" coveredstatements="14" conditionals="5" coveredconditionals="3" methods="8" coveredmethods="8"/>
          <line num="4" count="1" type="stmt"/>
          <line num="16" count="2" type="stmt"/>
          <line num="20" count="5" type="cond" truecount="1" falsecount="1"/>
          <line num="23" count="5" type="stmt"/>
          <line num="24" count="5" type="stmt"/>
          <line num="25" count="5" type="stmt"/>
          <line num="30" count="1" type="stmt"/>
          <line num="34" count="2" type="stmt"/>
          <line num="35" count="1" type="cond" truecount="1" falsecount="1"/>
          <line num="36" count="1" type="stmt"/>
          <line num="37" count="2" type="stmt"/>
          <line num="38" count="1" type="stmt"/>
          <line num="42" count="1" type="stmt"/>
          <line num="43" count="1" type="stmt"/>
        </file>
      </package>
      <package name="utils">
        <metrics statements="30" coveredstatements="13" conditionals="24" coveredconditionals="4" methods="10" coveredmethods="2"/>
        <file name="transactionUtils.js" path="/Users/NichananK/last-mvp/LAST-wallet/LAST-wallet/common/utils/transactionUtils.js">
          <metrics statements="10" coveredstatements="3" conditionals="12" coveredconditionals="0" methods="2" coveredmethods="0"/>
          <line num="8" count="2" type="stmt"/>
          <line num="10" count="2" type="stmt"/>
          <line num="11" count="2" type="stmt"/>
          <line num="14" count="0" type="cond" truecount="0" falsecount="2"/>
          <line num="15" count="0" type="cond" truecount="0" falsecount="2"/>
          <line num="16" count="0" type="cond" truecount="0" falsecount="2"/>
          <line num="17" count="0" type="stmt"/>
          <line num="18" count="0" type="stmt"/>
          <line num="19" count="0" type="stmt"/>
          <line num="23" count="0" type="cond" truecount="0" falsecount="4"/>
        </file>
        <file name="wallet.js" path="/Users/NichananK/last-mvp/LAST-wallet/LAST-wallet/common/utils/wallet.js">
          <metrics statements="20" coveredstatements="10" conditionals="12" coveredconditionals="4" methods="8" coveredmethods="2"/>
          <line num="3" count="4" type="stmt"/>
          <line num="4" count="4" type="cond" truecount="1" falsecount="1"/>
          <line num="5" count="4" type="stmt"/>
          <line num="8" count="13" type="stmt"/>
          <line num="12" count="13" type="cond" truecount="2" falsecount="2"/>
          <line num="13" count="0" type="stmt"/>
          <line num="14" count="13" type="cond" truecount="1" falsecount="1"/>
          <line num="15" count="13" type="stmt"/>
          <line num="17" count="13" type="stmt"/>
          <line num="18" count="13" type="stmt"/>
          <line num="19" count="13" type="stmt"/>
          <line num="23" count="0" type="stmt"/>
          <line num="24" count="0" type="cond" truecount="0" falsecount="2"/>
          <line num="25" count="0" type="stmt"/>
          <line num="27" count="0" type="stmt"/>
          <line num="32" count="0" type="stmt"/>
          <line num="36" count="0" type="cond" truecount="0" falsecount="2"/>
          <line num="37" count="0" type="stmt"/>
          <line num="41" count="0" type="stmt"/>
          <line num="45" count="0" type="stmt"/>
        </file>
      </package>
    </metrics>
  </project>
</coverage>
