{"/Users/NichananK/last-mvp/LAST-wallet/LAST-wallet/common/actions/pricesActions.js": {"path":"/Users/NichananK/last-mvp/LAST-wallet/LAST-wallet/common/actions/pricesActions.js","statementMap":{"0":{"start":{"line":1,"column":17},"end":{"line":1,"column":50}},"1":{"start":{"line":6,"column":4},"end":{"line":6,"column":33}},"2":{"start":{"line":7,"column":21},"end":{"line":7,"column":48}},"3":{"start":{"line":8,"column":4},"end":{"line":8,"column":38}},"4":{"start":{"line":9,"column":4},"end":{"line":9,"column":38}},"5":{"start":{"line":10,"column":4},"end":{"line":10,"column":34}}},"fnMap":{"0":{"name":"getPrice","decl":{"start":{"line":5,"column":22},"end":{"line":5,"column":30}},"loc":{"start":{"line":5,"column":33},"end":{"line":11,"column":1}},"line":5}},"branchMap":{},"s":{"0":1,"1":1,"2":1,"3":1,"4":1,"5":1},"f":{"0":1},"b":{},"_coverageSchema":"332fd63041d2c1bcb487cc26dd0d5f7d97098a6c","hash":"3e6581d2504154759dd021bdbf2ac37fd33116b0"}
,"/Users/NichananK/last-mvp/LAST-wallet/LAST-wallet/common/actions/transactionActions.js": {"path":"/Users/NichananK/last-mvp/LAST-wallet/LAST-wallet/common/actions/transactionActions.js","statementMap":{"0":{"start":{"line":3,"column":26},"end":{"line":3,"column":68}},"1":{"start":{"line":7,"column":2},"end":{"line":7,"column":52}},"2":{"start":{"line":8,"column":2},"end":{"line":8,"column":32}},"3":{"start":{"line":9,"column":2},"end":{"line":9,"column":38}},"4":{"start":{"line":14,"column":14},"end":{"line":14,"column":87}},"5":{"start":{"line":15,"column":2},"end":{"line":15,"column":40}},"6":{"start":{"line":16,"column":2},"end":{"line":16,"column":33}},"7":{"start":{"line":17,"column":2},"end":{"line":17,"column":12}},"8":{"start":{"line":21,"column":2},"end":{"line":21,"column":75}},"9":{"start":{"line":21,"column":42},"end":{"line":21,"column":75}},"10":{"start":{"line":22,"column":2},"end":{"line":22,"column":62}},"11":{"start":{"line":23,"column":2},"end":{"line":23,"column":40}},"12":{"start":{"line":24,"column":2},"end":{"line":24,"column":33}},"13":{"start":{"line":25,"column":2},"end":{"line":25,"column":12}}},"fnMap":{"0":{"name":"waitForTransaction","decl":{"start":{"line":6,"column":15},"end":{"line":6,"column":33}},"loc":{"start":{"line":6,"column":47},"end":{"line":11,"column":1}},"line":6},"1":{"name":"sendEther","decl":{"start":{"line":13,"column":22},"end":{"line":13,"column":31}},"loc":{"start":{"line":13,"column":70},"end":{"line":18,"column":1}},"line":13},"2":{"name":"sendTransaction","decl":{"start":{"line":20,"column":22},"end":{"line":20,"column":37}},"loc":{"start":{"line":20,"column":51},"end":{"line":26,"column":1}},"line":20}},"branchMap":{"0":{"loc":{"start":{"line":21,"column":2},"end":{"line":21,"column":75}},"type":"if","locations":[{"start":{"line":21,"column":2},"end":{"line":21,"column":75}},{"start":{"line":21,"column":2},"end":{"line":21,"column":75}}],"line":21}},"s":{"0":2,"1":0,"2":0,"3":0,"4":3,"5":0,"6":0,"7":0,"8":1,"9":1,"10":0,"11":0,"12":0,"13":0},"f":{"0":0,"1":3,"2":1},"b":{"0":[1,0]},"_coverageSchema":"332fd63041d2c1bcb487cc26dd0d5f7d97098a6c","hash":"542aca1eb730e784ef1f2862fe2a7aab8f9d02c5"}
,"/Users/NichananK/last-mvp/LAST-wallet/LAST-wallet/common/constants/url.js": {"path":"/Users/NichananK/last-mvp/LAST-wallet/LAST-wallet/common/constants/url.js","statementMap":{"0":{"start":{"line":1,"column":30},"end":{"line":1,"column":65}},"1":{"start":{"line":2,"column":25},"end":{"line":2,"column":134}}},"fnMap":{},"branchMap":{"0":{"loc":{"start":{"line":2,"column":25},"end":{"line":2,"column":134}},"type":"cond-expr","locations":[{"start":{"line":2,"column":67},"end":{"line":2,"column":97}},{"start":{"line":2,"column":100},"end":{"line":2,"column":134}}],"line":2}},"s":{"0":2,"1":2},"f":{},"b":{"0":[0,2]},"_coverageSchema":"332fd63041d2c1bcb487cc26dd0d5f7d97098a6c","hash":"d0e02070ed30c96c56bcaf1c8a7a42f1d98ea9e8"}
,"/Users/NichananK/last-mvp/LAST-wallet/LAST-wallet/common/services/apiService.js": {"path":"/Users/NichananK/last-mvp/LAST-wallet/LAST-wallet/common/services/apiService.js","statementMap":{"0":{"start":{"line":2,"column":10},"end":{"line":2,"column":37}},"1":{"start":{"line":5,"column":4},"end":{"line":5,"column":83}},"2":{"start":{"line":9,"column":4},"end":{"line":9,"column":128}},"3":{"start":{"line":13,"column":15},"end":{"line":13,"column":68}},"4":{"start":{"line":14,"column":2},"end":{"line":14,"column":21}},"5":{"start":{"line":20,"column":2},"end":{"line":20,"column":60}},"6":{"start":{"line":21,"column":17},"end":{"line":21,"column":91}},"7":{"start":{"line":22,"column":4},"end":{"line":22,"column":24}},"8":{"start":{"line":23,"column":18},"end":{"line":23,"column":108}},"9":{"start":{"line":23,"column":46},"end":{"line":23,"column":107}},"10":{"start":{"line":24,"column":25},"end":{"line":31,"column":7}},"11":{"start":{"line":24,"column":51},"end":{"line":31,"column":5}},"12":{"start":{"line":32,"column":4},"end":{"line":32,"column":23}}},"fnMap":{"0":{"name":"getPrice","decl":{"start":{"line":4,"column":16},"end":{"line":4,"column":24}},"loc":{"start":{"line":4,"column":27},"end":{"line":6,"column":1}},"line":4},"1":{"name":"getHistory","decl":{"start":{"line":8,"column":16},"end":{"line":8,"column":26}},"loc":{"start":{"line":8,"column":36},"end":{"line":10,"column":1}},"line":8},"2":{"name":"getAnimals","decl":{"start":{"line":12,"column":22},"end":{"line":12,"column":32}},"loc":{"start":{"line":12,"column":42},"end":{"line":15,"column":1}},"line":12},"3":{"name":"getCryptoKitties","decl":{"start":{"line":18,"column":22},"end":{"line":18,"column":38}},"loc":{"start":{"line":18,"column":48},"end":{"line":33,"column":3}},"line":18},"4":{"name":"(anonymous_4)","decl":{"start":{"line":23,"column":35},"end":{"line":23,"column":36}},"loc":{"start":{"line":23,"column":46},"end":{"line":23,"column":107}},"line":23},"5":{"name":"(anonymous_5)","decl":{"start":{"line":24,"column":36},"end":{"line":24,"column":37}},"loc":{"start":{"line":24,"column":51},"end":{"line":31,"column":5}},"line":24}},"branchMap":{},"s":{"0":2,"1":2,"2":2,"3":0,"4":0,"5":0,"6":0,"7":0,"8":0,"9":0,"10":0,"11":0,"12":0},"f":{"0":2,"1":2,"2":0,"3":0,"4":0,"5":0},"b":{},"_coverageSchema":"332fd63041d2c1bcb487cc26dd0d5f7d97098a6c","hash":"1b603c0d8c5f63e0a20aa5d768e24186a33e1744"}
,"/Users/NichananK/last-mvp/LAST-wallet/LAST-wallet/common/services/transactionsService.js": {"path":"/Users/NichananK/last-mvp/LAST-wallet/LAST-wallet/common/services/transactionsService.js","statementMap":{"0":{"start":{"line":2,"column":23},"end":{"line":2,"column":59}},"1":{"start":{"line":4,"column":26},"end":{"line":4,"column":32}},"2":{"start":{"line":7,"column":4},"end":{"line":7,"column":70}},"3":{"start":{"line":7,"column":37},"end":{"line":7,"column":70}},"4":{"start":{"line":8,"column":4},"end":{"line":8,"column":97}},"5":{"start":{"line":8,"column":59},"end":{"line":8,"column":97}},"6":{"start":{"line":9,"column":4},"end":{"line":9,"column":46}},"7":{"start":{"line":13,"column":4},"end":{"line":13,"column":70}},"8":{"start":{"line":13,"column":37},"end":{"line":13,"column":70}},"9":{"start":{"line":14,"column":4},"end":{"line":14,"column":87}},"10":{"start":{"line":14,"column":41},"end":{"line":14,"column":87}},"11":{"start":{"line":15,"column":4},"end":{"line":15,"column":79}},"12":{"start":{"line":15,"column":46},"end":{"line":15,"column":79}},"13":{"start":{"line":16,"column":4},"end":{"line":16,"column":52}}},"fnMap":{"0":{"name":"sendTransaction","decl":{"start":{"line":6,"column":16},"end":{"line":6,"column":31}},"loc":{"start":{"line":6,"column":53},"end":{"line":10,"column":1}},"line":6},"1":{"name":"sendEther","decl":{"start":{"line":12,"column":16},"end":{"line":12,"column":25}},"loc":{"start":{"line":12,"column":64},"end":{"line":17,"column":1}},"line":12}},"branchMap":{"0":{"loc":{"start":{"line":7,"column":4},"end":{"line":7,"column":70}},"type":"if","locations":[{"start":{"line":7,"column":4},"end":{"line":7,"column":70}},{"start":{"line":7,"column":4},"end":{"line":7,"column":70}}],"line":7},"1":{"loc":{"start":{"line":8,"column":4},"end":{"line":8,"column":97}},"type":"if","locations":[{"start":{"line":8,"column":4},"end":{"line":8,"column":97}},{"start":{"line":8,"column":4},"end":{"line":8,"column":97}}],"line":8},"2":{"loc":{"start":{"line":13,"column":4},"end":{"line":13,"column":70}},"type":"if","locations":[{"start":{"line":13,"column":4},"end":{"line":13,"column":70}},{"start":{"line":13,"column":4},"end":{"line":13,"column":70}}],"line":13},"3":{"loc":{"start":{"line":14,"column":4},"end":{"line":14,"column":87}},"type":"if","locations":[{"start":{"line":14,"column":4},"end":{"line":14,"column":87}},{"start":{"line":14,"column":4},"end":{"line":14,"column":87}}],"line":14},"4":{"loc":{"start":{"line":15,"column":4},"end":{"line":15,"column":79}},"type":"if","locations":[{"start":{"line":15,"column":4},"end":{"line":15,"column":79}},{"start":{"line":15,"column":4},"end":{"line":15,"column":79}}],"line":15}},"s":{"0":2,"1":2,"2":0,"3":0,"4":0,"5":0,"6":0,"7":3,"8":1,"9":2,"10":2,"11":0,"12":0,"13":0},"f":{"0":0,"1":3},"b":{"0":[0,0],"1":[0,0],"2":[1,2],"3":[2,0],"4":[0,0]},"_coverageSchema":"332fd63041d2c1bcb487cc26dd0d5f7d97098a6c","hash":"3fcd657ef42a9fb500f9caa1fb9601e9d22321e5"}
,"/Users/NichananK/last-mvp/LAST-wallet/LAST-wallet/common/stores/pricesStorage.js": {"path":"/Users/NichananK/last-mvp/LAST-wallet/LAST-wallet/common/stores/pricesStorage.js","statementMap":{"0":{"start":{"line":3,"column":16},"end":{"line":8,"column":1}},"1":{"start":{"line":18,"column":8},"end":{"line":18,"column":90}},"2":{"start":{"line":18,"column":55},"end":{"line":18,"column":90}},"3":{"start":{"line":22,"column":8},"end":{"line":22,"column":37}},"4":{"start":{"line":26,"column":8},"end":{"line":26,"column":32}},"5":{"start":{"line":27,"column":8},"end":{"line":27,"column":31}},"6":{"start":{"line":31,"column":8},"end":{"line":31,"column":32}},"7":{"start":{"line":32,"column":8},"end":{"line":32,"column":31}},"8":{"start":{"line":36,"column":8},"end":{"line":36,"column":32}},"9":{"start":{"line":37,"column":8},"end":{"line":37,"column":31}},"10":{"start":{"line":41,"column":8},"end":{"line":41,"column":30}},"11":{"start":{"line":42,"column":8},"end":{"line":42,"column":30}},"12":{"start":{"line":43,"column":8},"end":{"line":43,"column":30}},"13":{"start":{"line":44,"column":8},"end":{"line":44,"column":38}}},"fnMap":{"0":{"name":"(anonymous_0)","decl":{"start":{"line":17,"column":4},"end":{"line":17,"column":5}},"loc":{"start":{"line":17,"column":25},"end":{"line":19,"column":5}},"line":17},"1":{"name":"(anonymous_1)","decl":{"start":{"line":21,"column":12},"end":{"line":21,"column":13}},"loc":{"start":{"line":21,"column":29},"end":{"line":23,"column":5}},"line":21},"2":{"name":"(anonymous_2)","decl":{"start":{"line":25,"column":12},"end":{"line":25,"column":13}},"loc":{"start":{"line":25,"column":29},"end":{"line":28,"column":5}},"line":25},"3":{"name":"(anonymous_3)","decl":{"start":{"line":30,"column":12},"end":{"line":30,"column":13}},"loc":{"start":{"line":30,"column":29},"end":{"line":33,"column":5}},"line":30},"4":{"name":"(anonymous_4)","decl":{"start":{"line":35,"column":12},"end":{"line":35,"column":13}},"loc":{"start":{"line":35,"column":29},"end":{"line":38,"column":5}},"line":35},"5":{"name":"(anonymous_5)","decl":{"start":{"line":40,"column":12},"end":{"line":40,"column":13}},"loc":{"start":{"line":40,"column":20},"end":{"line":45,"column":5}},"line":40}},"branchMap":{"0":{"loc":{"start":{"line":18,"column":8},"end":{"line":18,"column":90}},"type":"if","locations":[{"start":{"line":18,"column":8},"end":{"line":18,"column":90}},{"start":{"line":18,"column":8},"end":{"line":18,"column":90}}],"line":18},"1":{"loc":{"start":{"line":18,"column":12},"end":{"line":18,"column":53}},"type":"binary-expr","locations":[{"start":{"line":18,"column":12},"end":{"line":18,"column":24}},{"start":{"line":18,"column":28},"end":{"line":18,"column":53}}],"line":18}},"s":{"0":1,"1":2,"2":0,"3":2,"4":1,"5":1,"6":1,"7":1,"8":0,"9":0,"10":0,"11":0,"12":0,"13":0},"f":{"0":2,"1":2,"2":1,"3":1,"4":0,"5":0},"b":{"0":[0,2],"1":[2,2]},"_coverageSchema":"332fd63041d2c1bcb487cc26dd0d5f7d97098a6c","hash":"afb4142320f193a845758c22f6174105ce421ba6"}
,"/Users/NichananK/last-mvp/LAST-wallet/LAST-wallet/common/stores/walletStorage.js": {"path":"/Users/NichananK/last-mvp/LAST-wallet/LAST-wallet/common/stores/walletStorage.js","statementMap":{"0":{"start":{"line":5,"column":16},"end":{"line":11,"column":1}},"1":{"start":{"line":21,"column":8},"end":{"line":21,"column":37}},"2":{"start":{"line":25,"column":8},"end":{"line":25,"column":81}},"3":{"start":{"line":25,"column":48},"end":{"line":25,"column":81}},"4":{"start":{"line":26,"column":8},"end":{"line":26,"column":26}},"5":{"start":{"line":30,"column":8},"end":{"line":30,"column":92}},"6":{"start":{"line":30,"column":24},"end":{"line":30,"column":92}},"7":{"start":{"line":31,"column":8},"end":{"line":31,"column":89}},"8":{"start":{"line":31,"column":41},"end":{"line":31,"column":89}},"9":{"start":{"line":32,"column":8},"end":{"line":32,"column":30}},"10":{"start":{"line":36,"column":8},"end":{"line":36,"column":83}},"11":{"start":{"line":36,"column":24},"end":{"line":36,"column":83}},"12":{"start":{"line":37,"column":8},"end":{"line":37,"column":86}},"13":{"start":{"line":37,"column":38},"end":{"line":37,"column":86}},"14":{"start":{"line":38,"column":8},"end":{"line":38,"column":24}},"15":{"start":{"line":42,"column":8},"end":{"line":42,"column":42}},"16":{"start":{"line":46,"column":24},"end":{"line":46,"column":83}},"17":{"start":{"line":46,"column":62},"end":{"line":46,"column":82}},"18":{"start":{"line":47,"column":8},"end":{"line":47,"column":42}},"19":{"start":{"line":48,"column":8},"end":{"line":48,"column":30}},"20":{"start":{"line":52,"column":8},"end":{"line":52,"column":32}},"21":{"start":{"line":53,"column":8},"end":{"line":53,"column":38}},"22":{"start":{"line":54,"column":8},"end":{"line":54,"column":62}},"23":{"start":{"line":55,"column":8},"end":{"line":55,"column":38}}},"fnMap":{"0":{"name":"(anonymous_0)","decl":{"start":{"line":20,"column":12},"end":{"line":20,"column":13}},"loc":{"start":{"line":20,"column":29},"end":{"line":22,"column":5}},"line":20},"1":{"name":"(anonymous_1)","decl":{"start":{"line":24,"column":12},"end":{"line":24,"column":13}},"loc":{"start":{"line":24,"column":27},"end":{"line":27,"column":5}},"line":24},"2":{"name":"(anonymous_2)","decl":{"start":{"line":29,"column":12},"end":{"line":29,"column":13}},"loc":{"start":{"line":29,"column":32},"end":{"line":33,"column":5}},"line":29},"3":{"name":"(anonymous_3)","decl":{"start":{"line":35,"column":12},"end":{"line":35,"column":13}},"loc":{"start":{"line":35,"column":26},"end":{"line":39,"column":5}},"line":35},"4":{"name":"(anonymous_4)","decl":{"start":{"line":41,"column":12},"end":{"line":41,"column":13}},"loc":{"start":{"line":41,"column":39},"end":{"line":43,"column":5}},"line":41},"5":{"name":"(anonymous_5)","decl":{"start":{"line":45,"column":12},"end":{"line":45,"column":13}},"loc":{"start":{"line":45,"column":31},"end":{"line":49,"column":5}},"line":45},"6":{"name":"(anonymous_6)","decl":{"start":{"line":46,"column":56},"end":{"line":46,"column":57}},"loc":{"start":{"line":46,"column":62},"end":{"line":46,"column":82}},"line":46},"7":{"name":"(anonymous_7)","decl":{"start":{"line":51,"column":12},"end":{"line":51,"column":13}},"loc":{"start":{"line":51,"column":20},"end":{"line":56,"column":5}},"line":51}},"branchMap":{"0":{"loc":{"start":{"line":25,"column":8},"end":{"line":25,"column":81}},"type":"if","locations":[{"start":{"line":25,"column":8},"end":{"line":25,"column":81}},{"start":{"line":25,"column":8},"end":{"line":25,"column":81}}],"line":25},"1":{"loc":{"start":{"line":30,"column":8},"end":{"line":30,"column":92}},"type":"if","locations":[{"start":{"line":30,"column":8},"end":{"line":30,"column":92}},{"start":{"line":30,"column":8},"end":{"line":30,"column":92}}],"line":30},"2":{"loc":{"start":{"line":31,"column":8},"end":{"line":31,"column":89}},"type":"if","locations":[{"start":{"line":31,"column":8},"end":{"line":31,"column":89}},{"start":{"line":31,"column":8},"end":{"line":31,"column":89}}],"line":31},"3":{"loc":{"start":{"line":36,"column":8},"end":{"line":36,"column":83}},"type":"if","locations":[{"start":{"line":36,"column":8},"end":{"line":36,"column":83}},{"start":{"line":36,"column":8},"end":{"line":36,"column":83}}],"line":36},"4":{"loc":{"start":{"line":37,"column":8},"end":{"line":37,"column":86}},"type":"if","locations":[{"start":{"line":37,"column":8},"end":{"line":37,"column":86}},{"start":{"line":37,"column":8},"end":{"line":37,"column":86}}],"line":37}},"s":{"0":3,"1":2,"2":6,"3":0,"4":6,"5":7,"6":1,"7":6,"8":4,"9":2,"10":0,"11":0,"12":0,"13":0,"14":0,"15":2,"16":1,"17":1,"18":1,"19":1,"20":3,"21":3,"22":3,"23":3},"f":{"0":2,"1":6,"2":7,"3":0,"4":2,"5":1,"6":1,"7":3},"b":{"0":[0,6],"1":[1,6],"2":[4,2],"3":[0,0],"4":[0,0]},"_coverageSchema":"332fd63041d2c1bcb487cc26dd0d5f7d97098a6c","hash":"f4bc162ac8479f10f428f738dd83512f7b604441"}
,"/Users/NichananK/last-mvp/LAST-wallet/LAST-wallet/common/stores/walletsStorage.js": {"path":"/Users/NichananK/last-mvp/LAST-wallet/LAST-wallet/common/stores/walletsStorage.js","statementMap":{"0":{"start":{"line":4,"column":16},"end":{"line":7,"column":1}},"1":{"start":{"line":16,"column":8},"end":{"line":16,"column":37}},"2":{"start":{"line":20,"column":8},"end":{"line":20,"column":81}},"3":{"start":{"line":20,"column":48},"end":{"line":20,"column":81}},"4":{"start":{"line":23,"column":8},"end":{"line":23,"column":32}},"5":{"start":{"line":24,"column":8},"end":{"line":24,"column":46}},"6":{"start":{"line":25,"column":8},"end":{"line":25,"column":30}},"7":{"start":{"line":30,"column":8},"end":{"line":30,"column":81}},"8":{"start":{"line":30,"column":42},"end":{"line":30,"column":80}},"9":{"start":{"line":34,"column":23},"end":{"line":34,"column":80}},"10":{"start":{"line":34,"column":48},"end":{"line":34,"column":79}},"11":{"start":{"line":35,"column":8},"end":{"line":35,"column":56}},"12":{"start":{"line":35,"column":21},"end":{"line":35,"column":56}},"13":{"start":{"line":36,"column":8},"end":{"line":36,"column":31}},"14":{"start":{"line":37,"column":29},"end":{"line":37,"column":88}},"15":{"start":{"line":37,"column":56},"end":{"line":37,"column":87}},"16":{"start":{"line":38,"column":8},"end":{"line":38,"column":45}},"17":{"start":{"line":42,"column":8},"end":{"line":42,"column":32}},"18":{"start":{"line":43,"column":8},"end":{"line":43,"column":38}}},"fnMap":{"0":{"name":"(anonymous_0)","decl":{"start":{"line":15,"column":12},"end":{"line":15,"column":13}},"loc":{"start":{"line":15,"column":29},"end":{"line":17,"column":5}},"line":15},"1":{"name":"(anonymous_1)","decl":{"start":{"line":19,"column":12},"end":{"line":19,"column":13}},"loc":{"start":{"line":19,"column":64},"end":{"line":27,"column":5}},"line":19},"2":{"name":"(anonymous_2)","decl":{"start":{"line":29,"column":12},"end":{"line":29,"column":13}},"loc":{"start":{"line":29,"column":33},"end":{"line":31,"column":5}},"line":29},"3":{"name":"(anonymous_3)","decl":{"start":{"line":30,"column":37},"end":{"line":30,"column":38}},"loc":{"start":{"line":30,"column":42},"end":{"line":30,"column":80}},"line":30},"4":{"name":"(anonymous_4)","decl":{"start":{"line":33,"column":12},"end":{"line":33,"column":13}},"loc":{"start":{"line":33,"column":40},"end":{"line":39,"column":5}},"line":33},"5":{"name":"(anonymous_5)","decl":{"start":{"line":34,"column":38},"end":{"line":34,"column":39}},"loc":{"start":{"line":34,"column":48},"end":{"line":34,"column":79}},"line":34},"6":{"name":"(anonymous_6)","decl":{"start":{"line":37,"column":46},"end":{"line":37,"column":47}},"loc":{"start":{"line":37,"column":56},"end":{"line":37,"column":87}},"line":37},"7":{"name":"(anonymous_7)","decl":{"start":{"line":41,"column":12},"end":{"line":41,"column":13}},"loc":{"start":{"line":41,"column":20},"end":{"line":44,"column":5}},"line":41}},"branchMap":{"0":{"loc":{"start":{"line":19,"column":42},"end":{"line":19,"column":62}},"type":"default-arg","locations":[{"start":{"line":19,"column":60},"end":{"line":19,"column":62}}],"line":19},"1":{"loc":{"start":{"line":20,"column":8},"end":{"line":20,"column":81}},"type":"if","locations":[{"start":{"line":20,"column":8},"end":{"line":20,"column":81}},{"start":{"line":20,"column":8},"end":{"line":20,"column":81}}],"line":20},"2":{"loc":{"start":{"line":35,"column":8},"end":{"line":35,"column":56}},"type":"if","locations":[{"start":{"line":35,"column":8},"end":{"line":35,"column":56}},{"start":{"line":35,"column":8},"end":{"line":35,"column":56}}],"line":35}},"s":{"0":1,"1":2,"2":5,"3":0,"4":5,"5":5,"6":5,"7":1,"8":1,"9":1,"10":2,"11":1,"12":0,"13":1,"14":1,"15":2,"16":1,"17":1,"18":1},"f":{"0":2,"1":5,"2":1,"3":1,"4":1,"5":2,"6":2,"7":1},"b":{"0":[4],"1":[0,5],"2":[0,1]},"_coverageSchema":"332fd63041d2c1bcb487cc26dd0d5f7d97098a6c","hash":"36d52d360bec01f1a910867d4b019f84232e6013"}
,"/Users/NichananK/last-mvp/LAST-wallet/LAST-wallet/common/utils/transactionUtils.js": {"path":"/Users/NichananK/last-mvp/LAST-wallet/LAST-wallet/common/utils/transactionUtils.js","statementMap":{"0":{"start":{"line":8,"column":18},"end":{"line":8,"column":24}},"1":{"start":{"line":10,"column":25},"end":{"line":10,"column":30}},"2":{"start":{"line":11,"column":25},"end":{"line":11,"column":35}},"3":{"start":{"line":14,"column":2},"end":{"line":16,"column":55}},"4":{"start":{"line":14,"column":14},"end":{"line":14,"column":67}},"5":{"start":{"line":15,"column":7},"end":{"line":16,"column":55}},"6":{"start":{"line":15,"column":33},"end":{"line":15,"column":85}},"7":{"start":{"line":16,"column":7},"end":{"line":16,"column":55}},"8":{"start":{"line":16,"column":28},"end":{"line":16,"column":55}},"9":{"start":{"line":17,"column":19},"end":{"line":17,"column":35}},"10":{"start":{"line":18,"column":2},"end":{"line":18,"column":33}},"11":{"start":{"line":19,"column":2},"end":{"line":19,"column":54}},"12":{"start":{"line":23,"column":2},"end":{"line":24,"column":110}}},"fnMap":{"0":{"name":"createTransaction","decl":{"start":{"line":13,"column":16},"end":{"line":13,"column":33}},"loc":{"start":{"line":13,"column":88},"end":{"line":20,"column":1}},"line":13},"1":{"name":"isValidTransaction","decl":{"start":{"line":22,"column":16},"end":{"line":22,"column":34}},"loc":{"start":{"line":22,"column":48},"end":{"line":25,"column":1}},"line":22}},"branchMap":{"0":{"loc":{"start":{"line":13,"column":45},"end":{"line":13,"column":72}},"type":"default-arg","locations":[{"start":{"line":13,"column":56},"end":{"line":13,"column":72}}],"line":13},"1":{"loc":{"start":{"line":13,"column":74},"end":{"line":13,"column":86}},"type":"default-arg","locations":[{"start":{"line":13,"column":84},"end":{"line":13,"column":86}}],"line":13},"2":{"loc":{"start":{"line":14,"column":2},"end":{"line":16,"column":55}},"type":"if","locations":[{"start":{"line":14,"column":2},"end":{"line":16,"column":55}},{"start":{"line":14,"column":2},"end":{"line":16,"column":55}}],"line":14},"3":{"loc":{"start":{"line":15,"column":7},"end":{"line":16,"column":55}},"type":"if","locations":[{"start":{"line":15,"column":7},"end":{"line":16,"column":55}},{"start":{"line":15,"column":7},"end":{"line":16,"column":55}}],"line":15},"4":{"loc":{"start":{"line":16,"column":7},"end":{"line":16,"column":55}},"type":"if","locations":[{"start":{"line":16,"column":7},"end":{"line":16,"column":55}},{"start":{"line":16,"column":7},"end":{"line":16,"column":55}}],"line":16},"5":{"loc":{"start":{"line":23,"column":9},"end":{"line":24,"column":110}},"type":"binary-expr","locations":[{"start":{"line":23,"column":9},"end":{"line":23,"column":38}},{"start":{"line":24,"column":7},"end":{"line":24,"column":36}},{"start":{"line":24,"column":40},"end":{"line":24,"column":72}},{"start":{"line":24,"column":76},"end":{"line":24,"column":110}}],"line":23}},"s":{"0":2,"1":2,"2":2,"3":0,"4":0,"5":0,"6":0,"7":0,"8":0,"9":0,"10":0,"11":0,"12":0},"f":{"0":0,"1":0},"b":{"0":[0],"1":[0],"2":[0,0],"3":[0,0],"4":[0,0],"5":[0,0,0,0]},"_coverageSchema":"332fd63041d2c1bcb487cc26dd0d5f7d97098a6c","hash":"3a7e9d1ed36455322e3af6eba43ad7cddbb8ea82"}
,"/Users/NichananK/last-mvp/LAST-wallet/LAST-wallet/common/utils/wallet.js": {"path":"/Users/NichananK/last-mvp/LAST-wallet/LAST-wallet/common/utils/wallet.js","statementMap":{"0":{"start":{"line":3,"column":45},"end":{"line":3,"column":51}},"1":{"start":{"line":4,"column":16},"end":{"line":4,"column":79}},"2":{"start":{"line":5,"column":17},"end":{"line":5,"column":54}},"3":{"start":{"line":8,"column":4},"end":{"line":8,"column":69}},"4":{"start":{"line":12,"column":4},"end":{"line":15,"column":39}},"5":{"start":{"line":13,"column":8},"end":{"line":13,"column":43}},"6":{"start":{"line":14,"column":9},"end":{"line":15,"column":39}},"7":{"start":{"line":15,"column":8},"end":{"line":15,"column":39}},"8":{"start":{"line":17,"column":19},"end":{"line":17,"column":49}},"9":{"start":{"line":18,"column":4},"end":{"line":18,"column":30}},"10":{"start":{"line":19,"column":4},"end":{"line":19,"column":17}},"11":{"start":{"line":23,"column":4},"end":{"line":28,"column":5}},"12":{"start":{"line":24,"column":8},"end":{"line":24,"column":50}},"13":{"start":{"line":24,"column":36},"end":{"line":24,"column":50}},"14":{"start":{"line":25,"column":8},"end":{"line":25,"column":39}},"15":{"start":{"line":27,"column":8},"end":{"line":27,"column":46}},"16":{"start":{"line":32,"column":4},"end":{"line":32,"column":38}},"17":{"start":{"line":36,"column":4},"end":{"line":36,"column":79}},"18":{"start":{"line":36,"column":35},"end":{"line":36,"column":79}},"19":{"start":{"line":37,"column":4},"end":{"line":37,"column":80}},"20":{"start":{"line":37,"column":40},"end":{"line":37,"column":54}},"21":{"start":{"line":41,"column":4},"end":{"line":41,"column":53}},"22":{"start":{"line":45,"column":4},"end":{"line":45,"column":70}}},"fnMap":{"0":{"name":"generateMnemonics","decl":{"start":{"line":7,"column":16},"end":{"line":7,"column":33}},"loc":{"start":{"line":7,"column":36},"end":{"line":9,"column":1}},"line":7},"1":{"name":"loadWalletFromMnemonics","decl":{"start":{"line":11,"column":16},"end":{"line":11,"column":39}},"loc":{"start":{"line":11,"column":51},"end":{"line":20,"column":1}},"line":11},"2":{"name":"loadWalletFromPrivateKey","decl":{"start":{"line":22,"column":16},"end":{"line":22,"column":40}},"loc":{"start":{"line":22,"column":45},"end":{"line":29,"column":1}},"line":22},"3":{"name":"formatBalance","decl":{"start":{"line":31,"column":16},"end":{"line":31,"column":29}},"loc":{"start":{"line":31,"column":39},"end":{"line":33,"column":1}},"line":31},"4":{"name":"reduceBigNumbers","decl":{"start":{"line":35,"column":16},"end":{"line":35,"column":32}},"loc":{"start":{"line":35,"column":40},"end":{"line":38,"column":1}},"line":35},"5":{"name":"(anonymous_5)","decl":{"start":{"line":37,"column":24},"end":{"line":37,"column":25}},"loc":{"start":{"line":37,"column":40},"end":{"line":37,"column":54}},"line":37},"6":{"name":"calculateFee","decl":{"start":{"line":40,"column":16},"end":{"line":40,"column":28}},"loc":{"start":{"line":40,"column":52},"end":{"line":42,"column":1}},"line":40},"7":{"name":"estimateFee","decl":{"start":{"line":44,"column":16},"end":{"line":44,"column":27}},"loc":{"start":{"line":44,"column":52},"end":{"line":46,"column":1}},"line":44}},"branchMap":{"0":{"loc":{"start":{"line":4,"column":16},"end":{"line":4,"column":79}},"type":"cond-expr","locations":[{"start":{"line":4,"column":58},"end":{"line":4,"column":67}},{"start":{"line":4,"column":70},"end":{"line":4,"column":79}}],"line":4},"1":{"loc":{"start":{"line":12,"column":4},"end":{"line":15,"column":39}},"type":"if","locations":[{"start":{"line":12,"column":4},"end":{"line":15,"column":39}},{"start":{"line":12,"column":4},"end":{"line":15,"column":39}}],"line":12},"2":{"loc":{"start":{"line":12,"column":8},"end":{"line":12,"column":70}},"type":"binary-expr","locations":[{"start":{"line":12,"column":8},"end":{"line":12,"column":37}},{"start":{"line":12,"column":41},"end":{"line":12,"column":70}}],"line":12},"3":{"loc":{"start":{"line":14,"column":9},"end":{"line":15,"column":39}},"type":"if","locations":[{"start":{"line":14,"column":9},"end":{"line":15,"column":39}},{"start":{"line":14,"column":9},"end":{"line":15,"column":39}}],"line":14},"4":{"loc":{"start":{"line":24,"column":8},"end":{"line":24,"column":50}},"type":"if","locations":[{"start":{"line":24,"column":8},"end":{"line":24,"column":50}},{"start":{"line":24,"column":8},"end":{"line":24,"column":50}}],"line":24},"5":{"loc":{"start":{"line":36,"column":4},"end":{"line":36,"column":79}},"type":"if","locations":[{"start":{"line":36,"column":4},"end":{"line":36,"column":79}},{"start":{"line":36,"column":4},"end":{"line":36,"column":79}}],"line":36}},"s":{"0":4,"1":4,"2":4,"3":13,"4":13,"5":0,"6":13,"7":13,"8":13,"9":13,"10":13,"11":0,"12":0,"13":0,"14":0,"15":0,"16":0,"17":0,"18":0,"19":0,"20":0,"21":0,"22":0},"f":{"0":13,"1":13,"2":0,"3":0,"4":0,"5":0,"6":0,"7":0},"b":{"0":[0,4],"1":[0,13],"2":[13,0],"3":[13,0],"4":[0,0],"5":[0,0]},"_coverageSchema":"332fd63041d2c1bcb487cc26dd0d5f7d97098a6c","hash":"1273e20ef457679abc50356b7c34a7d58a30ddfd"}
}
