TN:
SF:/Users/NichananK/last-mvp/LAST-wallet/LAST-wallet/common/actions/pricesActions.js
FN:5,getPrice
FNF:1
FNH:1
FNDA:1,getPrice
DA:1,1
DA:6,1
DA:7,1
DA:8,1
DA:9,1
DA:10,1
LF:6
LH:6
BRF:0
BRH:0
end_of_record
TN:
SF:/Users/NichananK/last-mvp/LAST-wallet/LAST-wallet/common/actions/transactionActions.js
FN:6,waitForTransaction
FN:13,sendEther
FN:20,sendTransaction
FNF:3
FNH:2
FNDA:0,waitForTransaction
FNDA:3,sendEther
FNDA:1,sendTransaction
DA:3,2
DA:7,0
DA:8,0
DA:9,0
DA:14,3
DA:15,0
DA:16,0
DA:17,0
DA:21,1
DA:22,0
DA:23,0
DA:24,0
DA:25,0
LF:13
LH:3
BRDA:21,0,0,1
BRDA:21,0,1,0
BRF:2
BRH:1
end_of_record
TN:
SF:/Users/NichananK/last-mvp/LAST-wallet/LAST-wallet/common/constants/url.js
FNF:0
FNH:0
DA:1,2
DA:2,2
LF:2
LH:2
BRDA:2,0,0,0
BRDA:2,0,1,2
BRF:2
BRH:1
end_of_record
TN:
SF:/Users/NichananK/last-mvp/LAST-wallet/LAST-wallet/common/services/apiService.js
FN:4,getPrice
FN:8,getHistory
FN:12,getAnimals
FN:18,getCryptoKitties
FN:23,(anonymous_4)
FN:24,(anonymous_5)
FNF:6
FNH:2
FNDA:2,getPrice
FNDA:2,getHistory
FNDA:0,getAnimals
FNDA:0,getCryptoKitties
FNDA:0,(anonymous_4)
FNDA:0,(anonymous_5)
DA:2,2
DA:5,2
DA:9,2
DA:13,0
DA:14,0
DA:20,0
DA:21,0
DA:22,0
DA:23,0
DA:24,0
DA:32,0
LF:11
LH:3
BRF:0
BRH:0
end_of_record
TN:
SF:/Users/NichananK/last-mvp/LAST-wallet/LAST-wallet/common/services/transactionsService.js
FN:6,sendTransaction
FN:12,sendEther
FNF:2
FNH:1
FNDA:0,sendTransaction
FNDA:3,sendEther
DA:2,2
DA:4,2
DA:7,0
DA:8,0
DA:9,0
DA:13,3
DA:14,2
DA:15,0
DA:16,0
LF:9
LH:4
BRDA:7,0,0,0
BRDA:7,0,1,0
BRDA:8,1,0,0
BRDA:8,1,1,0
BRDA:13,2,0,1
BRDA:13,2,1,2
BRDA:14,3,0,2
BRDA:14,3,1,0
BRDA:15,4,0,0
BRDA:15,4,1,0
BRF:10
BRH:3
end_of_record
TN:
SF:/Users/NichananK/last-mvp/LAST-wallet/LAST-wallet/common/stores/pricesStorage.js
FN:17,(anonymous_0)
FN:21,(anonymous_1)
FN:25,(anonymous_2)
FN:30,(anonymous_3)
FN:35,(anonymous_4)
FN:40,(anonymous_5)
FNF:6
FNH:4
FNDA:2,(anonymous_0)
FNDA:2,(anonymous_1)
FNDA:1,(anonymous_2)
FNDA:1,(anonymous_3)
FNDA:0,(anonymous_4)
FNDA:0,(anonymous_5)
DA:3,1
DA:18,2
DA:22,2
DA:26,1
DA:27,1
DA:31,1
DA:32,1
DA:36,0
DA:37,0
DA:41,0
DA:42,0
DA:43,0
DA:44,0
LF:13
LH:7
BRDA:18,0,0,0
BRDA:18,0,1,2
BRDA:18,1,0,2
BRDA:18,1,1,2
BRF:4
BRH:3
end_of_record
TN:
SF:/Users/NichananK/last-mvp/LAST-wallet/LAST-wallet/common/stores/walletStorage.js
FN:20,(anonymous_0)
FN:24,(anonymous_1)
FN:29,(anonymous_2)
FN:35,(anonymous_3)
FN:41,(anonymous_4)
FN:45,(anonymous_5)
FN:46,(anonymous_6)
FN:51,(anonymous_7)
FNF:8
FNH:7
FNDA:2,(anonymous_0)
FNDA:6,(anonymous_1)
FNDA:7,(anonymous_2)
FNDA:0,(anonymous_3)
FNDA:2,(anonymous_4)
FNDA:1,(anonymous_5)
FNDA:1,(anonymous_6)
FNDA:3,(anonymous_7)
DA:5,3
DA:21,2
DA:25,6
DA:26,6
DA:30,7
DA:31,6
DA:32,2
DA:36,0
DA:37,0
DA:38,0
DA:42,2
DA:46,1
DA:47,1
DA:48,1
DA:52,3
DA:53,3
DA:54,3
DA:55,3
LF:18
LH:15
BRDA:25,0,0,0
BRDA:25,0,1,6
BRDA:30,1,0,1
BRDA:30,1,1,6
BRDA:31,2,0,4
BRDA:31,2,1,2
BRDA:36,3,0,0
BRDA:36,3,1,0
BRDA:37,4,0,0
BRDA:37,4,1,0
BRF:10
BRH:5
end_of_record
TN:
SF:/Users/NichananK/last-mvp/LAST-wallet/LAST-wallet/common/stores/walletsStorage.js
FN:15,(anonymous_0)
FN:19,(anonymous_1)
FN:29,(anonymous_2)
FN:30,(anonymous_3)
FN:33,(anonymous_4)
FN:34,(anonymous_5)
FN:37,(anonymous_6)
FN:41,(anonymous_7)
FNF:8
FNH:8
FNDA:2,(anonymous_0)
FNDA:5,(anonymous_1)
FNDA:1,(anonymous_2)
FNDA:1,(anonymous_3)
FNDA:1,(anonymous_4)
FNDA:2,(anonymous_5)
FNDA:2,(anonymous_6)
FNDA:1,(anonymous_7)
DA:4,1
DA:16,2
DA:20,5
DA:23,5
DA:24,5
DA:25,5
DA:30,1
DA:34,2
DA:35,1
DA:36,1
DA:37,2
DA:38,1
DA:42,1
DA:43,1
LF:14
LH:14
BRDA:19,0,0,4
BRDA:20,1,0,0
BRDA:20,1,1,5
BRDA:35,2,0,0
BRDA:35,2,1,1
BRF:5
BRH:3
end_of_record
TN:
SF:/Users/NichananK/last-mvp/LAST-wallet/LAST-wallet/common/utils/transactionUtils.js
FN:13,createTransaction
FN:22,isValidTransaction
FNF:2
FNH:0
FNDA:0,createTransaction
FNDA:0,isValidTransaction
DA:8,2
DA:10,2
DA:11,2
DA:14,0
DA:15,0
DA:16,0
DA:17,0
DA:18,0
DA:19,0
DA:23,0
LF:10
LH:3
BRDA:13,0,0,0
BRDA:13,1,0,0
BRDA:14,2,0,0
BRDA:14,2,1,0
BRDA:15,3,0,0
BRDA:15,3,1,0
BRDA:16,4,0,0
BRDA:16,4,1,0
BRDA:23,5,0,0
BRDA:23,5,1,0
BRDA:23,5,2,0
BRDA:23,5,3,0
BRF:12
BRH:0
end_of_record
TN:
SF:/Users/NichananK/last-mvp/LAST-wallet/LAST-wallet/common/utils/wallet.js
FN:7,generateMnemonics
FN:11,loadWalletFromMnemonics
FN:22,loadWalletFromPrivateKey
FN:31,formatBalance
FN:35,reduceBigNumbers
FN:37,(anonymous_5)
FN:40,calculateFee
FN:44,estimateFee
FNF:8
FNH:2
FNDA:13,generateMnemonics
FNDA:13,loadWalletFromMnemonics
FNDA:0,loadWalletFromPrivateKey
FNDA:0,formatBalance
FNDA:0,reduceBigNumbers
FNDA:0,(anonymous_5)
FNDA:0,calculateFee
FNDA:0,estimateFee
DA:3,4
DA:4,4
DA:5,4
DA:8,13
DA:12,13
DA:13,0
DA:14,13
DA:15,13
DA:17,13
DA:18,13
DA:19,13
DA:23,0
DA:24,0
DA:25,0
DA:27,0
DA:32,0
DA:36,0
DA:37,0
DA:41,0
DA:45,0
LF:20
LH:10
BRDA:4,0,0,0
BRDA:4,0,1,4
BRDA:12,1,0,0
BRDA:12,1,1,13
BRDA:12,2,0,13
BRDA:12,2,1,0
BRDA:14,3,0,13
BRDA:14,3,1,0
BRDA:24,4,0,0
BRDA:24,4,1,0
BRDA:36,5,0,0
BRDA:36,5,1,0
BRF:12
BRH:4
end_of_record
