{"contracts/LAST.sol":{"l":{"13":9,"14":8},"path":"/Users/NichananK/last-mvp/LAST-contract/contracts/LAST.sol","s":{"1":9,"2":8},"b":{},"f":{"1":43,"2":9},"fnMap":{"1":{"name":"LAST","line":8,"loc":{"start":{"line":8,"column":2},"end":{"line":8,"column":80}}},"2":{"name":"mint","line":12,"loc":{"start":{"line":12,"column":2},"end":{"line":12,"column":79}}}},"statementMap":{"1":{"start":{"line":13,"column":6},"end":{"line":13,"column":30}},"2":{"start":{"line":14,"column":7},"end":{"line":14,"column":32}}},"branchMap":{}}}